Start testing: Mar 12 19:23 CET
----------------------------------------------------------
1/2 Testing: test_packetizr
1/2 Test: test_packetizr
Command: "/bin/sh" "/home/thomas/gr/gr-packetizr/build/lib/test_packetizr_test.sh"
Directory: /home/thomas/gr/gr-packetizr/build/lib
"test_packetizr" start time: Mar 12 19:23 CET
Output:
----------------------------------------------------------


<end of output>
Test time =   0.00 sec
----------------------------------------------------------
Test Passed.
"test_packetizr" end time: Mar 12 19:23 CET
"test_packetizr" time elapsed: 00:00:00
----------------------------------------------------------

2/2 Testing: qa_packet_encoder
2/2 Test: qa_packet_encoder
Command: "/bin/sh" "/home/thomas/gr/gr-packetizr/build/python/qa_packet_encoder_test.sh"
Directory: /home/thomas/gr/gr-packetizr/build/python
"qa_packet_encoder" start time: Mar 12 19:23 CET
Output:
----------------------------------------------------------
set_min_output_buffer on block 5 to 128000
TOTAL_LENGTH in complex samples, before oversampling 1616
PREAMBLE LENGTH 0 HEADER LENGTH 16 PAYLOAD_LENGTH1600
Using Volk machine: avx_64_mmx_orc
Modulated symbols: TOTAL_LENGTH in complex samples, before oversampling 1616
PREAMBLE LENGTH 0 HEADER LENGTH 16 PAYLOAD_LENGTH1600
Modulated symbols: TOTAL_LENGTH in complex samples, before oversampling 1616
PREAMBLE LENGTH 0 HEADER LENGTH 16 PAYLOAD_LENGTH1600
Modulated symbols: TOTAL_LENGTH in complex samples, before oversampling 1616
PREAMBLE LENGTH 0 HEADER LENGTH 16 PAYLOAD_LENGTH1600
Modulated symbols: TOTAL_LENGTH in complex samples, before oversampling 1616
PREAMBLE LENGTH 0 HEADER LENGTH 16 PAYLOAD_LENGTH1600
Modulated symbols: TOTAL_LENGTH in complex samples, before oversampling 1616
PREAMBLE LENGTH 0 HEADER LENGTH 16 PAYLOAD_LENGTH1600
Modulated symbols: TOTAL_LENGTH in complex samples, before oversampling 1616
PREAMBLE LENGTH 0 HEADER LENGTH 16 PAYLOAD_LENGTH1600
Modulated symbols: TOTAL_LENGTH in complex samples, before oversampling 1616
PREAMBLE LENGTH 0 HEADER LENGTH 16 PAYLOAD_LENGTH1600
Modulated symbols: TOTAL_LENGTH in complex samples, before oversampling 1616
PREAMBLE LENGTH 0 HEADER LENGTH 16 PAYLOAD_LENGTH1600
Modulated symbols: TOTAL_LENGTH in complex samples, before oversampling 1616
PREAMBLE LENGTH 0 HEADER LENGTH 16 PAYLOAD_LENGTH1600
Modulated symbols: TOTAL_LENGTH in complex samples, before oversampling 1616
PREAMBLE LENGTH 0 HEADER LENGTH 16 PAYLOAD_LENGTH1600
Modulated symbols: TOTAL_LENGTH in complex samples, before oversampling 1616
PREAMBLE LENGTH 0 HEADER LENGTH 16 PAYLOAD_LENGTH1600
Modulated symbols: TOTAL_LENGTH in complex samples, before oversampling 1616
PREAMBLE LENGTH 0 HEADER LENGTH 16 PAYLOAD_LENGTH1600
Modulated symbols: TOTAL_LENGTH in complex samples, before oversampling 1616
PREAMBLE LENGTH 0 HEADER LENGTH 16 PAYLOAD_LENGTH1600
Modulated symbols: TOTAL_LENGTH in complex samples, before oversampling 1616
PREAMBLE LENGTH 0 HEADER LENGTH 16 PAYLOAD_LENGTH1600
Modulated symbols: TOTAL_LENGTH in complex samples, before oversampling 1616
PREAMBLE LENGTH 0 HEADER LENGTH 16 PAYLOAD_LENGTH1600
Modulated symbols: TOTAL_LENGTH in complex samples, before oversampling 1616
PREAMBLE LENGTH 0 HEADER LENGTH 16 PAYLOAD_LENGTH1600
Modulated symbols: TOTAL_LENGTH in complex samples, before oversampling 1616
PREAMBLE LENGTH 0 HEADER LENGTH 16 PAYLOAD_LENGTH1600
Modulated symbols: TOTAL_LENGTH in complex samples, before oversampling 1616
PREAMBLE LENGTH 0 HEADER LENGTH 16 PAYLOAD_LENGTH1600
Modulated symbols: TOTAL_LENGTH in complex samples, before oversampling 1616
PREAMBLE LENGTH 0 HEADER LENGTH 16 PAYLOAD_LENGTH1600
Modulated symbols: TOTAL_LENGTH in complex samples, before oversampling 1616
PREAMBLE LENGTH 0 HEADER LENGTH 16 PAYLOAD_LENGTH1600
Modulated symbols: TOTAL_LENGTH in complex samples, before oversampling 1616
PREAMBLE LENGTH 0 HEADER LENGTH 16 PAYLOAD_LENGTH1600
Modulated symbols: TOTAL_LENGTH in complex samples, before oversampling 1616
PREAMBLE LENGTH 0 HEADER LENGTH 16 PAYLOAD_LENGTH1600
Modulated symbols: TOTAL_LENGTH in complex samples, before oversampling 1616
PREAMBLE LENGTH 0 HEADER LENGTH 16 PAYLOAD_LENGTH1600
Modulated symbols: TOTAL_LENGTH in complex samples, before oversampling 1616
PREAMBLE LENGTH 0 HEADER LENGTH 16 PAYLOAD_LENGTH1600
Modulated symbols: TOTAL_LENGTH in complex samples, before oversampling 1616
PREAMBLE LENGTH 0 HEADER LENGTH 16 PAYLOAD_LENGTH1600
Modulated symbols: TOTAL_LENGTH in complex samples, before oversampling 1616
PREAMBLE LENGTH 0 HEADER LENGTH 16 PAYLOAD_LENGTH1600
Modulated symbols: TOTAL_LENGTH in complex samples, before oversampling 1616
PREAMBLE LENGTH 0 HEADER LENGTH 16 PAYLOAD_LENGTH1600
Modulated symbols: TOTAL_LENGTH in complex samples, before oversampling 1616
PREAMBLE LENGTH 0 HEADER LENGTH 16 PAYLOAD_LENGTH1600
Modulated symbols: TOTAL_LENGTH in complex samples, before oversampling 1616
PREAMBLE LENGTH 0 HEADER LENGTH 16 PAYLOAD_LENGTH1600
Modulated symbols: TOTAL_LENGTH in complex samples, before oversampling 1616
PREAMBLE LENGTH 0 HEADER LENGTH 16 PAYLOAD_LENGTH1600
Modulated symbols: TOTAL_LENGTH in complex samples, before oversampling 1616
PREAMBLE LENGTH 0 HEADER LENGTH 16 PAYLOAD_LENGTH1600
Modulated symbols: TOTAL_LENGTH in complex samples, before oversampling 1616
PREAMBLE LENGTH 0 HEADER LENGTH 16 PAYLOAD_LENGTH1600
Modulated symbols: TOTAL_LENGTH in complex samples, before oversampling 1616
PREAMBLE LENGTH 0 HEADER LENGTH 16 PAYLOAD_LENGTH1600
Modulated symbols: TOTAL_LENGTH in complex samples, before oversampling 1616
PREAMBLE LENGTH 0 HEADER LENGTH 16 PAYLOAD_LENGTH1600
Modulated symbols: TOTAL_LENGTH in complex samples, before oversampling 1616
PREAMBLE LENGTH 0 HEADER LENGTH 16 PAYLOAD_LENGTH1600
Modulated symbols: TOTAL_LENGTH in complex samples, before oversampling 1616
PREAMBLE LENGTH 0 HEADER LENGTH 16 PAYLOAD_LENGTH1600
Modulated symbols: TOTAL_LENGTH in complex samples, before oversampling 1616
PREAMBLE LENGTH 0 HEADER LENGTH 16 PAYLOAD_LENGTH1600
Modulated symbols: TOTAL_LENGTH in complex samples, before oversampling 1616
PREAMBLE LENGTH 0 HEADER LENGTH 16 PAYLOAD_LENGTH1600
Modulated symbols: TOTAL_LENGTH in complex samples, before oversampling 1616
PREAMBLE LENGTH 0 HEADER LENGTH 16 PAYLOAD_LENGTH1600
Modulated symbols: TOTAL_LENGTH in complex samples, before oversampling 1616
PREAMBLE LENGTH 0 HEADER LENGTH 16 PAYLOAD_LENGTH1600
Modulated symbols: TOTAL_LENGTH in complex samples, before oversampling 1616
PREAMBLE LENGTH 0 HEADER LENGTH 16 PAYLOAD_LENGTH1600
Modulated symbols: TOTAL_LENGTH in complex samples, before oversampling 1616
PREAMBLE LENGTH 0 HEADER LENGTH 16 PAYLOAD_LENGTH1600
Modulated symbols: TOTAL_LENGTH in complex samples, before oversampling 1616
PREAMBLE LENGTH 0 HEADER LENGTH 16 PAYLOAD_LENGTH1600
Modulated symbols: TOTAL_LENGTH in complex samples, before oversampling 1616
PREAMBLE LENGTH 0 HEADER LENGTH 16 PAYLOAD_LENGTH1600
Modulated symbols: TOTAL_LENGTH in complex samples, before oversampling 1616
PREAMBLE LENGTH 0 HEADER LENGTH 16 PAYLOAD_LENGTH1600
Modulated symbols: TOTAL_LENGTH in complex samples, before oversampling 1616
PREAMBLE LENGTH 0 HEADER LENGTH 16 PAYLOAD_LENGTH1600
Modulated symbols: TOTAL_LENGTH in complex samples, before oversampling 1616
PREAMBLE LENGTH 0 HEADER LENGTH 16 PAYLOAD_LENGTH1600
Modulated symbols: TOTAL_LENGTH in complex samples, before oversampling 1616
PREAMBLE LENGTH 0 HEADER LENGTH 16 PAYLOAD_LENGTH1600
Modulated symbols: TOTAL_LENGTH in complex samples, before oversampling 1616
PREAMBLE LENGTH 0 HEADER LENGTH 16 PAYLOAD_LENGTH1600
Modulated symbols: TOTAL_LENGTH in complex samples, before oversampling 1616
PREAMBLE LENGTH 0 HEADER LENGTH 16 PAYLOAD_LENGTH1600
Modulated symbols: TOTAL_LENGTH in complex samples, before oversampling 1616
PREAMBLE LENGTH 0 HEADER LENGTH 16 PAYLOAD_LENGTH1600
Modulated symbols: TOTAL_LENGTH in complex samples, before oversampling 1616
PREAMBLE LENGTH 0 HEADER LENGTH 16 PAYLOAD_LENGTH1600
Modulated symbols: TOTAL_LENGTH in complex samples, before oversampling 1616
PREAMBLE LENGTH 0 HEADER LENGTH 16 PAYLOAD_LENGTH1600
Modulated symbols: TOTAL_LENGTH in complex samples, before oversampling 1616
PREAMBLE LENGTH 0 HEADER LENGTH 16 PAYLOAD_LENGTH1600
Modulated symbols: TOTAL_LENGTH in complex samples, before oversampling 1616
PREAMBLE LENGTH 0 HEADER LENGTH 16 PAYLOAD_LENGTH1600
Modulated symbols: TOTAL_LENGTH in complex samples, before oversampling 1616
PREAMBLE LENGTH 0 HEADER LENGTH 16 PAYLOAD_LENGTH1600
Modulated symbols: TOTAL_LENGTH in complex samples, before oversampling 1616
PREAMBLE LENGTH 0 HEADER LENGTH 16 PAYLOAD_LENGTH1600
Modulated symbols: TOTAL_LENGTH in complex samples, before oversampling 1616
PREAMBLE LENGTH 0 HEADER LENGTH 16 PAYLOAD_LENGTH1600
Modulated symbols: TOTAL_LENGTH in complex samples, before oversampling 1616
PREAMBLE LENGTH 0 HEADER LENGTH 16 PAYLOAD_LENGTH1600
Modulated symbols: TOTAL_LENGTH in complex samples, before oversampling 1616
PREAMBLE LENGTH 0 HEADER LENGTH 16 PAYLOAD_LENGTH1600
Modulated symbols: TOTAL_LENGTH in complex samples, before oversampling 1616
PREAMBLE LENGTH 0 HEADER LENGTH 16 PAYLOAD_LENGTH1600
Modulated symbols: TOTAL_LENGTH in complex samples, before oversampling 1616
PREAMBLE LENGTH 0 HEADER LENGTH 16 PAYLOAD_LENGTH1600
Modulated symbols: TOTAL_LENGTH in complex samples, before oversampling 1616
PREAMBLE LENGTH 0 HEADER LENGTH 16 PAYLOAD_LENGTH1600
Modulated symbols: TOTAL_LENGTH in complex samples, before oversampling 1616
PREAMBLE LENGTH 0 HEADER LENGTH 16 PAYLOAD_LENGTH1600
Modulated symbols: TOTAL_LENGTH in complex samples, before oversampling 1616
PREAMBLE LENGTH 0 HEADER LENGTH 16 PAYLOAD_LENGTH1600
Modulated symbols: TOTAL_LENGTH in complex samples, before oversampling 1616
PREAMBLE LENGTH 0 HEADER LENGTH 16 PAYLOAD_LENGTH1600
Modulated symbols: TOTAL_LENGTH in complex samples, before oversampling 1616
PREAMBLE LENGTH 0 HEADER LENGTH 16 PAYLOAD_LENGTH1600
Modulated symbols: TOTAL_LENGTH in complex samples, before oversampling 1616
PREAMBLE LENGTH 0 HEADER LENGTH 16 PAYLOAD_LENGTH1600
Modulated symbols: TOTAL_LENGTH in complex samples, before oversampling 1616
PREAMBLE LENGTH 0 HEADER LENGTH 16 PAYLOAD_LENGTH1600
Modulated symbols: TOTAL_LENGTH in complex samples, before oversampling 1616
PREAMBLE LENGTH 0 HEADER LENGTH 16 PAYLOAD_LENGTH1600
Modulated symbols: TOTAL_LENGTH in complex samples, before oversampling 1616
PREAMBLE LENGTH 0 HEADER LENGTH 16 PAYLOAD_LENGTH1600
Modulated symbols: TOTAL_LENGTH in complex samples, before oversampling 1616
PREAMBLE LENGTH 0 HEADER LENGTH 16 PAYLOAD_LENGTH1600
Modulated symbols: TOTAL_LENGTH in complex samples, before oversampling 1616
PREAMBLE LENGTH 0 HEADER LENGTH 16 PAYLOAD_LENGTH1600
Modulated symbols: TOTAL_LENGTH in complex samples, before oversampling 1616
PREAMBLE LENGTH 0 HEADER LENGTH 16 PAYLOAD_LENGTH1600
Modulated symbols: TOTAL_LENGTH in complex samples, before oversampling 1616
PREAMBLE LENGTH 0 HEADER LENGTH 16 PAYLOAD_LENGTH1600
Modulated symbols: TOTAL_LENGTH in complex samples, before oversampling 1616
PREAMBLE LENGTH 0 HEADER LENGTH 16 PAYLOAD_LENGTH1600
Modulated symbols: TOTAL_LENGTH in complex samples, before oversampling 1616
PREAMBLE LENGTH 0 HEADER LENGTH 16 PAYLOAD_LENGTH1600
Modulated symbols: TOTAL_LENGTH in complex samples, before oversampling 1616
PREAMBLE LENGTH 0 HEADER LENGTH 16 PAYLOAD_LENGTH1600
Modulated symbols: TOTAL_LENGTH in complex samples, before oversampling 1616
PREAMBLE LENGTH 0 HEADER LENGTH 16 PAYLOAD_LENGTH1600
Modulated symbols: TOTAL_LENGTH in complex samples, before oversampling 1616
PREAMBLE LENGTH 0 HEADER LENGTH 16 PAYLOAD_LENGTH1600
Modulated symbols: TOTAL_LENGTH in complex samples, before oversampling 1616
PREAMBLE LENGTH 0 HEADER LENGTH 16 PAYLOAD_LENGTH1600
Modulated symbols: TOTAL_LENGTH in complex samples, before oversampling 1616
PREAMBLE LENGTH 0 HEADER LENGTH 16 PAYLOAD_LENGTH1600
Modulated symbols: TOTAL_LENGTH in complex samples, before oversampling 1616
PREAMBLE LENGTH 0 HEADER LENGTH 16 PAYLOAD_LENGTH1600
Modulated symbols: TOTAL_LENGTH in complex samples, before oversampling 1616
PREAMBLE LENGTH 0 HEADER LENGTH 16 PAYLOAD_LENGTH1600
Modulated symbols: TOTAL_LENGTH in complex samples, before oversampling 1616
PREAMBLE LENGTH 0 HEADER LENGTH 16 PAYLOAD_LENGTH1600
Modulated symbols: TOTAL_LENGTH in complex samples, before oversampling 1616
PREAMBLE LENGTH 0 HEADER LENGTH 16 PAYLOAD_LENGTH1600
Modulated symbols: TOTAL_LENGTH in complex samples, before oversampling 1616
PREAMBLE LENGTH 0 HEADER LENGTH 16 PAYLOAD_LENGTH1600
Modulated symbols: TOTAL_LENGTH in complex samples, before oversampling 1616
PREAMBLE LENGTH 0 HEADER LENGTH 16 PAYLOAD_LENGTH1600
Modulated symbols: TOTAL_LENGTH in complex samples, before oversampling 1616
PREAMBLE LENGTH 0 HEADER LENGTH 16 PAYLOAD_LENGTH1600
Modulated symbols: TOTAL_LENGTH in complex samples, before oversampling 1616
PREAMBLE LENGTH 0 HEADER LENGTH 16 PAYLOAD_LENGTH1600
Modulated symbols: TOTAL_LENGTH in complex samples, before oversampling 1616
PREAMBLE LENGTH 0 HEADER LENGTH 16 PAYLOAD_LENGTH1600
Modulated symbols: TOTAL_LENGTH in complex samples, before oversampling 1616
PREAMBLE LENGTH 0 HEADER LENGTH 16 PAYLOAD_LENGTH1600
Modulated symbols: TOTAL_LENGTH in complex samples, before oversampling 1616
PREAMBLE LENGTH 0 HEADER LENGTH 16 PAYLOAD_LENGTH1600
Modulated symbols: TOTAL_LENGTH in complex samples, before oversampling 1616
PREAMBLE LENGTH 0 HEADER LENGTH 16 PAYLOAD_LENGTH1600
Modulated symbols: TOTAL_LENGTH in complex samples, before oversampling 1616
PREAMBLE LENGTH 0 HEADER LENGTH 16 PAYLOAD_LENGTH1600
Modulated symbols: TOTAL_LENGTH in complex samples, before oversampling 1616
PREAMBLE LENGTH 0 HEADER LENGTH 16 PAYLOAD_LENGTH1600
Modulated symbols: TOTAL_LENGTH in complex samples, before oversampling 1616
PREAMBLE LENGTH 0 HEADER LENGTH 16 PAYLOAD_LENGTH1600
Modulated symbols: TOTAL_LENGTH in complex samples, before oversampling 1616
PREAMBLE LENGTH 0 HEADER LENGTH 16 PAYLOAD_LENGTH1600
Modulated symbols: TOTAL_LENGTH in complex samples, before oversampling 1616
PREAMBLE LENGTH 0 HEADER LENGTH 16 PAYLOAD_LENGTH1600
Modulated symbols: set_min_output_buffer on block 12 to 128000
TOTAL_LENGTH in complex samples, before oversampling 1616
PREAMBLE LENGTH 0 HEADER LENGTH 16 PAYLOAD_LENGTH1600
Modulated symbols: TOTAL_LENGTH in complex samples, before oversampling 1616
PREAMBLE LENGTH 0 HEADER LENGTH 16 PAYLOAD_LENGTH1600
Modulated symbols: TOTAL_LENGTH in complex samples, before oversampling 1616
PREAMBLE LENGTH 0 HEADER LENGTH 16 PAYLOAD_LENGTH1600
Modulated symbols: TOTAL_LENGTH in complex samples, before oversampling 1616
PREAMBLE LENGTH 0 HEADER LENGTH 16 PAYLOAD_LENGTH1600
Modulated symbols: TOTAL_LENGTH in complex samples, before oversampling 1616
PREAMBLE LENGTH 0 HEADER LENGTH 16 PAYLOAD_LENGTH1600
Modulated symbols: TOTAL_LENGTH in complex samples, before oversampling 1616
PREAMBLE LENGTH 0 HEADER LENGTH 16 PAYLOAD_LENGTH1600
Modulated symbols: TOTAL_LENGTH in complex samples, before oversampling 1616
PREAMBLE LENGTH 0 HEADER LENGTH 16 PAYLOAD_LENGTH1600
Modulated symbols: TOTAL_LENGTH in complex samples, before oversampling 1616
PREAMBLE LENGTH 0 HEADER LENGTH 16 PAYLOAD_LENGTH1600
Modulated symbols: TOTAL_LENGTH in complex samples, before oversampling 1616
PREAMBLE LENGTH 0 HEADER LENGTH 16 PAYLOAD_LENGTH1600
Modulated symbols: TOTAL_LENGTH in complex samples, before oversampling 1616
PREAMBLE LENGTH 0 HEADER LENGTH 16 PAYLOAD_LENGTH1600
Modulated symbols: TOTAL_LENGTH in complex samples, before oversampling 1616
PREAMBLE LENGTH 0 HEADER LENGTH 16 PAYLOAD_LENGTH1600
Modulated symbols: TOTAL_LENGTH in complex samples, before oversampling 1616
PREAMBLE LENGTH 0 HEADER LENGTH 16 PAYLOAD_LENGTH1600
Modulated symbols: TOTAL_LENGTH in complex samples, before oversampling 1616
PREAMBLE LENGTH 0 HEADER LENGTH 16 PAYLOAD_LENGTH1600
Modulated symbols: TOTAL_LENGTH in complex samples, before oversampling 1616
PREAMBLE LENGTH 0 HEADER LENGTH 16 PAYLOAD_LENGTH1600
Modulated symbols: TOTAL_LENGTH in complex samples, before oversampling 1616
PREAMBLE LENGTH 0 HEADER LENGTH 16 PAYLOAD_LENGTH1600
Modulated symbols: TOTAL_LENGTH in complex samples, before oversampling 1616
PREAMBLE LENGTH 0 HEADER LENGTH 16 PAYLOAD_LENGTH1600
Modulated symbols: TOTAL_LENGTH in complex samples, before oversampling 1616
PREAMBLE LENGTH 0 HEADER LENGTH 16 PAYLOAD_LENGTH1600
Modulated symbols: TOTAL_LENGTH in complex samples, before oversampling 1616
PREAMBLE LENGTH 0 HEADER LENGTH 16 PAYLOAD_LENGTH1600
Modulated symbols: TOTAL_LENGTH in complex samples, before oversampling 1616
PREAMBLE LENGTH 0 HEADER LENGTH 16 PAYLOAD_LENGTH1600
Modulated symbols: TOTAL_LENGTH in complex samples, before oversampling 1616
PREAMBLE LENGTH 0 HEADER LENGTH 16 PAYLOAD_LENGTH1600
Modulated symbols: TOTAL_LENGTH in complex samples, before oversampling 1616
PREAMBLE LENGTH 0 HEADER LENGTH 16 PAYLOAD_LENGTH1600
Modulated symbols: TOTAL_LENGTH in complex samples, before oversampling 1616
PREAMBLE LENGTH 0 HEADER LENGTH 16 PAYLOAD_LENGTH1600
Modulated symbols: TOTAL_LENGTH in complex samples, before oversampling 1616
PREAMBLE LENGTH 0 HEADER LENGTH 16 PAYLOAD_LENGTH1600
Modulated symbols: TOTAL_LENGTH in complex samples, before oversampling 1616
PREAMBLE LENGTH 0 HEADER LENGTH 16 PAYLOAD_LENGTH1600
Modulated symbols: TOTAL_LENGTH in complex samples, before oversampling 1616
PREAMBLE LENGTH 0 HEADER LENGTH 16 PAYLOAD_LENGTH1600
Modulated symbols: TOTAL_LENGTH in complex samples, before oversampling 1616
PREAMBLE LENGTH 0 HEADER LENGTH 16 PAYLOAD_LENGTH1600
Modulated symbols: TOTAL_LENGTH in complex samples, before oversampling 1616
PREAMBLE LENGTH 0 HEADER LENGTH 16 PAYLOAD_LENGTH1600
Modulated symbols: TOTAL_LENGTH in complex samples, before oversampling 1616
PREAMBLE LENGTH 0 HEADER LENGTH 16 PAYLOAD_LENGTH1600
Modulated symbols: TOTAL_LENGTH in complex samples, before oversampling 1616
PREAMBLE LENGTH 0 HEADER LENGTH 16 PAYLOAD_LENGTH1600
Modulated symbols: TOTAL_LENGTH in complex samples, before oversampling 1616
PREAMBLE LENGTH 0 HEADER LENGTH 16 PAYLOAD_LENGTH1600
Modulated symbols: TOTAL_LENGTH in complex samples, before oversampling 1616
PREAMBLE LENGTH 0 HEADER LENGTH 16 PAYLOAD_LENGTH1600
Modulated symbols: TOTAL_LENGTH in complex samples, before oversampling 1616
PREAMBLE LENGTH 0 HEADER LENGTH 16 PAYLOAD_LENGTH1600
Modulated symbols: TOTAL_LENGTH in complex samples, before oversampling 1616
PREAMBLE LENGTH 0 HEADER LENGTH 16 PAYLOAD_LENGTH1600
Modulated symbols: TOTAL_LENGTH in complex samples, before oversampling 1616
PREAMBLE LENGTH 0 HEADER LENGTH 16 PAYLOAD_LENGTH1600
Modulated symbols: TOTAL_LENGTH in complex samples, before oversampling 1616
PREAMBLE LENGTH 0 HEADER LENGTH 16 PAYLOAD_LENGTH1600
Modulated symbols: TOTAL_LENGTH in complex samples, before oversampling 1616
PREAMBLE LENGTH 0 HEADER LENGTH 16 PAYLOAD_LENGTH1600
Modulated symbols: TOTAL_LENGTH in complex samples, before oversampling 1616
PREAMBLE LENGTH 0 HEADER LENGTH 16 PAYLOAD_LENGTH1600
Modulated symbols: TOTAL_LENGTH in complex samples, before oversampling 1616
PREAMBLE LENGTH 0 HEADER LENGTH 16 PAYLOAD_LENGTH1600
Modulated symbols: TOTAL_LENGTH in complex samples, before oversampling 1616
PREAMBLE LENGTH 0 HEADER LENGTH 16 PAYLOAD_LENGTH1600
Modulated symbols: TOTAL_LENGTH in complex samples, before oversampling 1616
PREAMBLE LENGTH 0 HEADER LENGTH 16 PAYLOAD_LENGTH1600
Modulated symbols: TOTAL_LENGTH in complex samples, before oversampling 1616
PREAMBLE LENGTH 0 HEADER LENGTH 16 PAYLOAD_LENGTH1600
Modulated symbols: TOTAL_LENGTH in complex samples, before oversampling 1616
PREAMBLE LENGTH 0 HEADER LENGTH 16 PAYLOAD_LENGTH1600
Modulated symbols: TOTAL_LENGTH in complex samples, before oversampling 1616
PREAMBLE LENGTH 0 HEADER LENGTH 16 PAYLOAD_LENGTH1600
Modulated symbols: TOTAL_LENGTH in complex samples, before oversampling 1616
PREAMBLE LENGTH 0 HEADER LENGTH 16 PAYLOAD_LENGTH1600
Modulated symbols: TOTAL_LENGTH in complex samples, before oversampling 1616
PREAMBLE LENGTH 0 HEADER LENGTH 16 PAYLOAD_LENGTH1600
Modulated symbols: TOTAL_LENGTH in complex samples, before oversampling 1616
PREAMBLE LENGTH 0 HEADER LENGTH 16 PAYLOAD_LENGTH1600
Modulated symbols: TOTAL_LENGTH in complex samples, before oversampling 1616
PREAMBLE LENGTH 0 HEADER LENGTH 16 PAYLOAD_LENGTH1600
Modulated symbols: TOTAL_LENGTH in complex samples, before oversampling 1616
PREAMBLE LENGTH 0 HEADER LENGTH 16 PAYLOAD_LENGTH1600
Modulated symbols: TOTAL_LENGTH in complex samples, before oversampling 1616
PREAMBLE LENGTH 0 HEADER LENGTH 16 PAYLOAD_LENGTH1600
Modulated symbols: TOTAL_LENGTH in complex samples, before oversampling 1616
PREAMBLE LENGTH 0 HEADER LENGTH 16 PAYLOAD_LENGTH1600
Modulated symbols: TOTAL_LENGTH in complex samples, before oversampling 1616
PREAMBLE LENGTH 0 HEADER LENGTH 16 PAYLOAD_LENGTH1600
Modulated symbols: TOTAL_LENGTH in complex samples, before oversampling 1616
PREAMBLE LENGTH 0 HEADER LENGTH 16 PAYLOAD_LENGTH1600
Modulated symbols: TOTAL_LENGTH in complex samples, before oversampling 1616
PREAMBLE LENGTH 0 HEADER LENGTH 16 PAYLOAD_LENGTH1600
Modulated symbols: TOTAL_LENGTH in complex samples, before oversampling 1616
PREAMBLE LENGTH 0 HEADER LENGTH 16 PAYLOAD_LENGTH1600
Modulated symbols: TOTAL_LENGTH in complex samples, before oversampling 1616
PREAMBLE LENGTH 0 HEADER LENGTH 16 PAYLOAD_LENGTH1600
Modulated symbols: TOTAL_LENGTH in complex samples, before oversampling 1616
PREAMBLE LENGTH 0 HEADER LENGTH 16 PAYLOAD_LENGTH1600
Modulated symbols: TOTAL_LENGTH in complex samples, before oversampling 1616
PREAMBLE LENGTH 0 HEADER LENGTH 16 PAYLOAD_LENGTH1600
Modulated symbols: TOTAL_LENGTH in complex samples, before oversampling 1616
PREAMBLE LENGTH 0 HEADER LENGTH 16 PAYLOAD_LENGTH1600
Modulated symbols: TOTAL_LENGTH in complex samples, before oversampling 1616
PREAMBLE LENGTH 0 HEADER LENGTH 16 PAYLOAD_LENGTH1600
Modulated symbols: TOTAL_LENGTH in complex samples, before oversampling 1616
PREAMBLE LENGTH 0 HEADER LENGTH 16 PAYLOAD_LENGTH1600
Modulated symbols: TOTAL_LENGTH in complex samples, before oversampling 1616
PREAMBLE LENGTH 0 HEADER LENGTH 16 PAYLOAD_LENGTH1600
Modulated symbols: TOTAL_LENGTH in complex samples, before oversampling 1616
PREAMBLE LENGTH 0 HEADER LENGTH 16 PAYLOAD_LENGTH1600
Modulated symbols: TOTAL_LENGTH in complex samples, before oversampling 1616
PREAMBLE LENGTH 0 HEADER LENGTH 16 PAYLOAD_LENGTH1600
Modulated symbols: TOTAL_LENGTH in complex samples, before oversampling 1616
PREAMBLE LENGTH 0 HEADER LENGTH 16 PAYLOAD_LENGTH1600
Modulated symbols: TOTAL_LENGTH in complex samples, before oversampling 1616
PREAMBLE LENGTH 0 HEADER LENGTH 16 PAYLOAD_LENGTH1600
Modulated symbols: TOTAL_LENGTH in complex samples, before oversampling 1616
PREAMBLE LENGTH 0 HEADER LENGTH 16 PAYLOAD_LENGTH1600
Modulated symbols: TOTAL_LENGTH in complex samples, before oversampling 1616
PREAMBLE LENGTH 0 HEADER LENGTH 16 PAYLOAD_LENGTH1600
Modulated symbols: TOTAL_LENGTH in complex samples, before oversampling 1616
PREAMBLE LENGTH 0 HEADER LENGTH 16 PAYLOAD_LENGTH1600
Modulated symbols: TOTAL_LENGTH in complex samples, before oversampling 1616
PREAMBLE LENGTH 0 HEADER LENGTH 16 PAYLOAD_LENGTH1600
Modulated symbols: TOTAL_LENGTH in complex samples, before oversampling 1616
PREAMBLE LENGTH 0 HEADER LENGTH 16 PAYLOAD_LENGTH1600
Modulated symbols: TOTAL_LENGTH in complex samples, before oversampling 1616
PREAMBLE LENGTH 0 HEADER LENGTH 16 PAYLOAD_LENGTH1600
Modulated symbols: TOTAL_LENGTH in complex samples, before oversampling 1616
PREAMBLE LENGTH 0 HEADER LENGTH 16 PAYLOAD_LENGTH1600
Modulated symbols: TOTAL_LENGTH in complex samples, before oversampling 1616
PREAMBLE LENGTH 0 HEADER LENGTH 16 PAYLOAD_LENGTH1600
Modulated symbols: TOTAL_LENGTH in complex samples, before oversampling 1616
PREAMBLE LENGTH 0 HEADER LENGTH 16 PAYLOAD_LENGTH1600
Modulated symbols: TOTAL_LENGTH in complex samples, before oversampling 1616
PREAMBLE LENGTH 0 HEADER LENGTH 16 PAYLOAD_LENGTH1600
Modulated symbols: TOTAL_LENGTH in complex samples, before oversampling 1616
PREAMBLE LENGTH 0 HEADER LENGTH 16 PAYLOAD_LENGTH1600
Modulated symbols: TOTAL_LENGTH in complex samples, before oversampling 1616
PREAMBLE LENGTH 0 HEADER LENGTH 16 PAYLOAD_LENGTH1600
Modulated symbols: TOTAL_LENGTH in complex samples, before oversampling 1616
PREAMBLE LENGTH 0 HEADER LENGTH 16 PAYLOAD_LENGTH1600
Modulated symbols: TOTAL_LENGTH in complex samples, before oversampling 1616
PREAMBLE LENGTH 0 HEADER LENGTH 16 PAYLOAD_LENGTH1600
Modulated symbols: TOTAL_LENGTH in complex samples, before oversampling 1616
PREAMBLE LENGTH 0 HEADER LENGTH 16 PAYLOAD_LENGTH1600
Modulated symbols: TOTAL_LENGTH in complex samples, before oversampling 1616
PREAMBLE LENGTH 0 HEADER LENGTH 16 PAYLOAD_LENGTH1600
Modulated symbols: TOTAL_LENGTH in complex samples, before oversampling 1616
PREAMBLE LENGTH 0 HEADER LENGTH 16 PAYLOAD_LENGTH1600
Modulated symbols: TOTAL_LENGTH in complex samples, before oversampling 1616
PREAMBLE LENGTH 0 HEADER LENGTH 16 PAYLOAD_LENGTH1600
Modulated symbols: TOTAL_LENGTH in complex samples, before oversampling 1616
PREAMBLE LENGTH 0 HEADER LENGTH 16 PAYLOAD_LENGTH1600
Modulated symbols: TOTAL_LENGTH in complex samples, before oversampling 1616
PREAMBLE LENGTH 0 HEADER LENGTH 16 PAYLOAD_LENGTH1600
Modulated symbols: TOTAL_LENGTH in complex samples, before oversampling 1616
PREAMBLE LENGTH 0 HEADER LENGTH 16 PAYLOAD_LENGTH1600
Modulated symbols: TOTAL_LENGTH in complex samples, before oversampling 1616
PREAMBLE LENGTH 0 HEADER LENGTH 16 PAYLOAD_LENGTH1600
Modulated symbols: TOTAL_LENGTH in complex samples, before oversampling 1616
PREAMBLE LENGTH 0 HEADER LENGTH 16 PAYLOAD_LENGTH1600
Modulated symbols: TOTAL_LENGTH in complex samples, before oversampling 1616
PREAMBLE LENGTH 0 HEADER LENGTH 16 PAYLOAD_LENGTH1600
Modulated symbols: TOTAL_LENGTH in complex samples, before oversampling 1616
PREAMBLE LENGTH 0 HEADER LENGTH 16 PAYLOAD_LENGTH1600
Modulated symbols: TOTAL_LENGTH in complex samples, before oversampling 1616
PREAMBLE LENGTH 0 HEADER LENGTH 16 PAYLOAD_LENGTH1600
Modulated symbols: TOTAL_LENGTH in complex samples, before oversampling 1616
PREAMBLE LENGTH 0 HEADER LENGTH 16 PAYLOAD_LENGTH1600
Modulated symbols: TOTAL_LENGTH in complex samples, before oversampling 1616
PREAMBLE LENGTH 0 HEADER LENGTH 16 PAYLOAD_LENGTH1600
Modulated symbols: TOTAL_LENGTH in complex samples, before oversampling 1616
PREAMBLE LENGTH 0 HEADER LENGTH 16 PAYLOAD_LENG.
----------------------------------------------------------------------
Ran 1 test in 0.679s

OK
TH1600
Modulated symbols: TOTAL_LENGTH in complex samples, before oversampling 1616
PREAMBLE LENGTH 0 HEADER LENGTH 16 PAYLOAD_LENGTH1600
Modulated symbols: TOTAL_LENGTH in complex samples, before oversampling 1616
PREAMBLE LENGTH 0 HEADER LENGTH 16 PAYLOAD_LENGTH1600
Modulated symbols: TOTAL_LENGTH in complex samples, before oversampling 1616
PREAMBLE LENGTH 0 HEADER LENGTH 16 PAYLOAD_LENGTH1600
Modulated symbols: TOTAL_LENGTH in complex samples, before oversampling 1616
PREAMBLE LENGTH 0 HEADER LENGTH 16 PAYLOAD_LENGTH1600
Modulated symbols: TOTAL_LENGTH in complex samples, before oversampling 1616
PREAMBLE LENGTH 0 HEADER LENGTH 16 PAYLOAD_LENGTH1600
Modulated symbols: TOTAL_LENGTH in complex samples, before oversampling 1616
PREAMBLE LENGTH 0 HEADER LENGTH 16 PAYLOAD_LENGTH1600
Modulated symbols: 
<end of output>
Test time =   1.58 sec
----------------------------------------------------------
Test Passed.
"qa_packet_encoder" end time: Mar 12 19:23 CET
"qa_packet_encoder" time elapsed: 00:00:01
----------------------------------------------------------

End testing: Mar 12 19:23 CET
