Start testing: Mar 10 22:02 CET
----------------------------------------------------------
1/2 Testing: test_test
1/2 Test: test_test
Command: "/bin/sh" "/home/thomas/gr/gr-test/build/lib/test_test_test.sh"
Directory: /home/thomas/gr/gr-test/build/lib
"test_test" start time: Mar 10 22:02 CET
Output:
----------------------------------------------------------


<end of output>
Test time =   0.00 sec
----------------------------------------------------------
Test Passed.
"test_test" end time: Mar 10 22:02 CET
"test_test" time elapsed: 00:00:00
----------------------------------------------------------

2/2 Testing: qa_square_ff
2/2 Test: qa_square_ff
Command: "/bin/sh" "/home/thomas/gr/gr-test/build/python/qa_square_ff_test.sh"
Directory: /home/thomas/gr/gr-test/build/python
"qa_square_ff" start time: Mar 10 22:02 CET
Output:
----------------------------------------------------------
Traceback (most recent call last):
  File "/home/thomas/gr/gr-test/python/qa_square_ff.py", line 3, in <module>
    import test_swig as test
ImportError: No module named test_swig
<end of output>
Test time =   0.18 sec
----------------------------------------------------------
Test Failed.
"qa_square_ff" end time: Mar 10 22:02 CET
"qa_square_ff" time elapsed: 00:00:00
----------------------------------------------------------

End testing: Mar 10 22:02 CET
